Get:1 http://security.ubuntu.com/ubuntu plucky-security InRelease [126 kB]
Hit:2 http://archive.ubuntu.com/ubuntu plucky InRelease
Hit:3 http://gb.archive.ubuntu.com/ubuntu plucky InRelease
Get:4 http://archive.ubuntu.com/ubuntu plucky-updates InRelease [126 kB]
Get:5 http://security.ubuntu.com/ubuntu plucky-security/main amd64 Components [14.7 kB]
Get:6 http://security.ubuntu.com/ubuntu plucky-security/restricted amd64 Components [212 B]
Get:7 http://security.ubuntu.com/ubuntu plucky-security/universe amd64 Components [1,348 B]
Get:8 http://security.ubuntu.com/ubuntu plucky-security/multiverse amd64 Components [212 B]
Get:9 http://archive.ubuntu.com/ubuntu plucky-updates/main i386 Packages [111 kB]
Get:10 http://archive.ubuntu.com/ubuntu plucky-updates/main amd64 Packages [172 kB]
Get:11 http://archive.ubuntu.com/ubuntu plucky-updates/main amd64 Components [30.5 kB]
Get:12 http://archive.ubuntu.com/ubuntu plucky-updates/restricted amd64 Components [212 B]
Get:13 http://archive.ubuntu.com/ubuntu plucky-updates/universe i386 Packages [64.0 kB]
Get:14 http://archive.ubuntu.com/ubuntu plucky-updates/universe amd64 Packages [145 kB]
Get:15 http://archive.ubuntu.com/ubuntu plucky-updates/universe amd64 Components [8,812 B]
Get:16 http://archive.ubuntu.com/ubuntu plucky-updates/multiverse amd64 Components [212 B]
Fetched 800 kB in 2s (507 kB/s)
Reading package lists...
Hit:1 http://archive.ubuntu.com/ubuntu plucky InRelease
Hit:2 http://gb.archive.ubuntu.com/ubuntu plucky InRelease
Hit:3 http://archive.ubuntu.com/ubuntu plucky-updates InRelease
Hit:4 http://security.ubuntu.com/ubuntu plucky-security InRelease
Reading package lists...
Hit:1 http://archive.ubuntu.com/ubuntu plucky InRelease
Hit:2 http://gb.archive.ubuntu.com/ubuntu plucky InRelease
Hit:3 http://archive.ubuntu.com/ubuntu plucky-updates InRelease
Hit:4 http://security.ubuntu.com/ubuntu plucky-security InRelease
Reading package lists...
Hit:1 http://security.ubuntu.com/ubuntu plucky-security InRelease
Hit:2 http://gb.archive.ubuntu.com/ubuntu plucky InRelease
Hit:3 http://archive.ubuntu.com/ubuntu plucky InRelease
Hit:4 http://archive.ubuntu.com/ubuntu plucky-updates InRelease
Reading package lists...

WARNING: apt does not have a stable CLI interface. Use with caution in scripts.

Hit:1 http://gb.archive.ubuntu.com/ubuntu plucky InRelease
Hit:2 http://security.ubuntu.com/ubuntu plucky-security InRelease
Hit:3 http://archive.ubuntu.com/ubuntu plucky InRelease
Hit:4 http://archive.ubuntu.com/ubuntu plucky-updates InRelease
Reading package lists...
